<?xml version="1.0" encoding="UTF-8"?>
<testsuite name="SILab2Test" tests="2" skipped="0" failures="0" errors="0" timestamp="2022-06-01T15:49:03" hostname="DESKTOP-VJT6JHK" time="0.058">
  <properties/>
  <testcase name="everyBranch()" classname="SILab2Test" time="0.049"/>
  <testcase name="everyStatement()" classname="SILab2Test" time="0.004"/>
  <system-out><![CDATA[]]></system-out>
  <system-err><![CDATA[]]></system-err>
</testsuite>
